# JRE version: OpenJDK Runtime Environment (8.0_242-b01) (build 1.8.0_242-release-1644-b01)
# Java VM: OpenJDK 64-Bit Server VM (25.242-b01 mixed mode windows-amd64 compressed oops)
Heap:
 PSYoungGen      total 179712K, used 97199K [0x00000000e0000000, 0x00000000ef080000, 0x0000000100000000)
  eden space 119296K, 57% used [0x00000000e0000000,0x00000000e42a40a8,0x00000000e7480000)
  from space 60416K, 47% used [0x00000000eb580000,0x00000000ed1c7ba0,0x00000000ef080000)
  to   space 63488K, 0% used [0x00000000e7480000,0x00000000e7480000,0x00000000eb280000)
 ParOldGen       total 400384K, used 283428K [0x00000000a0000000, 0x00000000b8700000, 0x00000000e0000000)
  object space 400384K, 70% used [0x00000000a0000000,0x00000000b14c9140,0x00000000b8700000)
 Metaspace       used 98594K, capacity 103214K, committed 103464K, reserved 1138688K
  class space    used 12869K, capacity 13754K, committed 13872K, reserved 1048576K
GC Heap History (10 events):
Event: 164.555 GC heap before
{Heap before GC invocations=47 (full 5):
 PSYoungGen      total 173568K, used 121004K [0x00000000e0000000, 0x00000000eeb80000, 0x0000000100000000)
  eden space 105472K, 100% used [0x00000000e0000000,0x00000000e6700000,0x00000000e6700000)
  from space 68096K, 22% used [0x00000000e6700000,0x00000000e762b2a0,0x00000000ea980000)
  to   space 64512K, 0% used [0x00000000eac80000,0x00000000eac80000,0x00000000eeb80000)
 ParOldGen       total 400384K, used 283412K [0x00000000a0000000, 0x00000000b8700000, 0x00000000e0000000)
  object space 400384K, 70% used [0x00000000a0000000,0x00000000b14c5140,0x00000000b8700000)
 Metaspace       used 81715K, capacity 85008K, committed 85416K, reserved 1124352K
  class space    used 10707K, capacity 11371K, committed 11440K, reserved 1048576K
Event: 164.608 GC heap after
Heap after GC invocations=47 (full 5):
 PSYoungGen      total 166400K, used 19635K [0x00000000e0000000, 0x00000000ee280000, 0x0000000100000000)
  eden space 111104K, 0% used [0x00000000e0000000,0x00000000e0000000,0x00000000e6c80000)
  from space 55296K, 35% used [0x00000000eac80000,0x00000000ebface68,0x00000000ee280000)
  to   space 60416K, 0% used [0x00000000e6c80000,0x00000000e6c80000,0x00000000ea780000)
 ParOldGen       total 400384K, used 283412K [0x00000000a0000000, 0x00000000b8700000, 0x00000000e0000000)
  object space 400384K, 70% used [0x00000000a0000000,0x00000000b14c5140,0x00000000b8700000)
 Metaspace       used 81715K, capacity 85008K, committed 85416K, reserved 1124352K
  class space    used 10707K, capacity 11371K, committed 11440K, reserved 1048576K
}
Event: 188.929 GC heap before
{Heap before GC invocations=48 (full 5):
 PSYoungGen      total 166400K, used 130739K [0x00000000e0000000, 0x00000000ee280000, 0x0000000100000000)
  eden space 111104K, 100% used [0x00000000e0000000,0x00000000e6c80000,0x00000000e6c80000)
  from space 55296K, 35% used [0x00000000eac80000,0x00000000ebface68,0x00000000ee280000)
  to   space 60416K, 0% used [0x00000000e6c80000,0x00000000e6c80000,0x00000000ea780000)
 ParOldGen       total 400384K, used 283412K [0x00000000a0000000, 0x00000000b8700000, 0x00000000e0000000)
  object space 400384K, 70% used [0x00000000a0000000,0x00000000b14c5140,0x00000000b8700000)
 Metaspace       used 83190K, capacity 86770K, committed 86952K, reserved 1124352K
  class space    used 10908K, capacity 11630K, committed 11696K, reserved 1048576K
Event: 188.961 GC heap after
Heap after GC invocations=48 (full 5):
 PSYoungGen      total 171520K, used 26591K [0x00000000e0000000, 0x00000000ee400000, 0x0000000100000000)
  eden space 111104K, 0% used [0x00000000e0000000,0x00000000e0000000,0x00000000e6c80000)
  from space 60416K, 44% used [0x00000000e6c80000,0x00000000e8677c30,0x00000000ea780000)
  to   space 58880K, 0% used [0x00000000eaa80000,0x00000000eaa80000,0x00000000ee400000)
 ParOldGen       total 400384K, used 283412K [0x00000000a0000000, 0x00000000b8700000, 0x00000000e0000000)
  object space 400384K, 70% used [0x00000000a0000000,0x00000000b14c5140,0x00000000b8700000)
 Metaspace       used 83190K, capacity 86770K, committed 86952K, reserved 1124352K
  class space    used 10908K, capacity 11630K, committed 11696K, reserved 1048576K
}
Event: 195.887 GC heap before
{Heap before GC invocations=49 (full 5):
 PSYoungGen      total 171520K, used 137695K [0x00000000e0000000, 0x00000000ee400000, 0x0000000100000000)
  eden space 111104K, 100% used [0x00000000e0000000,0x00000000e6c80000,0x00000000e6c80000)
  from space 60416K, 44% used [0x00000000e6c80000,0x00000000e8677c30,0x00000000ea780000)
  to   space 58880K, 0% used [0x00000000eaa80000,0x00000000eaa80000,0x00000000ee400000)
 ParOldGen       total 400384K, used 283412K [0x00000000a0000000, 0x00000000b8700000, 0x00000000e0000000)
  object space 400384K, 70% used [0x00000000a0000000,0x00000000b14c5140,0x00000000b8700000)
 Metaspace       used 90112K, capacity 94286K, committed 94376K, reserved 1130496K
  class space    used 11851K, capacity 12652K, committed 12720K, reserved 1048576K
Event: 195.939 GC heap after
Heap after GC invocations=49 (full 5):
 PSYoungGen      total 173568K, used 30266K [0x00000000e0000000, 0x00000000ee300000, 0x0000000100000000)
  eden space 115712K, 0% used [0x00000000e0000000,0x00000000e0000000,0x00000000e7100000)
  from space 57856K, 52% used [0x00000000eaa80000,0x00000000ec80e9c0,0x00000000ee300000)
  to   space 58368K, 0% used [0x00000000e7100000,0x00000000e7100000,0x00000000eaa00000)
 ParOldGen       total 400384K, used 283420K [0x00000000a0000000, 0x00000000b8700000, 0x00000000e0000000)
  object space 400384K, 70% used [0x00000000a0000000,0x00000000b14c7140,0x00000000b8700000)
 Metaspace       used 90112K, capacity 94286K, committed 94376K, reserved 1130496K
  class space    used 11851K, capacity 12652K, committed 12720K, reserved 1048576K
}
Event: 274.658 GC heap before
{Heap before GC invocations=50 (full 5):
 PSYoungGen      total 173568K, used 145978K [0x00000000e0000000, 0x00000000ee300000, 0x0000000100000000)
  eden space 115712K, 100% used [0x00000000e0000000,0x00000000e7100000,0x00000000e7100000)
  from space 57856K, 52% used [0x00000000eaa80000,0x00000000ec80e9c0,0x00000000ee300000)
  to   space 58368K, 0% used [0x00000000e7100000,0x00000000e7100000,0x00000000eaa00000)
 ParOldGen       total 400384K, used 283420K [0x00000000a0000000, 0x00000000b8700000, 0x00000000e0000000)
  object space 400384K, 70% used [0x00000000a0000000,0x00000000b14c7140,0x00000000b8700000)
 Metaspace       used 91219K, capacity 95368K, committed 95528K, reserved 1132544K
  class space    used 12026K, capacity 12839K, committed 12848K, reserved 1048576K
Event: 274.783 GC heap after
Heap after GC invocations=50 (full 5):
 PSYoungGen      total 174080K, used 54795K [0x00000000e0000000, 0x00000000ef680000, 0x0000000100000000)
  eden space 115712K, 0% used [0x00000000e0000000,0x00000000e0000000,0x00000000e7100000)
  from space 58368K, 93% used [0x00000000e7100000,0x00000000ea682cd8,0x00000000eaa00000)
  to   space 66560K, 0% used [0x00000000eb580000,0x00000000eb580000,0x00000000ef680000)
 ParOldGen       total 400384K, used 283420K [0x00000000a0000000, 0x00000000b8700000, 0x00000000e0000000)
  object space 400384K, 70% used [0x00000000a0000000,0x00000000b14c7140,0x00000000b8700000)
 Metaspace       used 91219K, capacity 95368K, committed 95528K, reserved 1132544K
  class space    used 12026K, capacity 12839K, committed 12848K, reserved 1048576K
}
Event: 294.308 GC heap before
{Heap before GC invocations=51 (full 5):
 PSYoungGen      total 174080K, used 170507K [0x00000000e0000000, 0x00000000ef680000, 0x0000000100000000)
  eden space 115712K, 100% used [0x00000000e0000000,0x00000000e7100000,0x00000000e7100000)
  from space 58368K, 93% used [0x00000000e7100000,0x00000000ea682cd8,0x00000000eaa00000)
  to   space 66560K, 0% used [0x00000000eb580000,0x00000000eb580000,0x00000000ef680000)
 ParOldGen       total 400384K, used 283420K [0x00000000a0000000, 0x00000000b8700000, 0x00000000e0000000)
  object space 400384K, 70% used [0x00000000a0000000,0x00000000b14c7140,0x00000000b8700000)
 Metaspace       used 93766K, capacity 98090K, committed 98216K, reserved 1134592K
  class space    used 12380K, capacity 13222K, committed 13232K, reserved 1048576K
Event: 294.432 GC heap after
Heap after GC invocations=51 (full 5):
 PSYoungGen      total 179712K, used 28958K [0x00000000e0000000, 0x00000000ef080000, 0x0000000100000000)
  eden space 119296K, 0% used [0x00000000e0000000,0x00000000e0000000,0x00000000e7480000)
  from space 60416K, 47% used [0x00000000eb580000,0x00000000ed1c7ba0,0x00000000ef080000)
  to   space 63488K, 0% used [0x00000000e7480000,0x00000000e7480000,0x00000000eb280000)
 ParOldGen       total 400384K, used 283428K [0x00000000a0000000, 0x00000000b8700000, 0x00000000e0000000)
  object space 400384K, 70% used [0x00000000a0000000,0x00000000b14c9140,0x00000000b8700000)
 Metaspace       used 93766K, capacity 98090K, committed 98216K, reserved 1134592K
  class space    used 12380K, capacity 13222K, committed 13232K, reserved 1048576K
}

