# JRE version: OpenJDK Runtime Environment (8.0_242-b01) (build 1.8.0_242-release-1644-b01)
# Java VM: OpenJDK 64-Bit Server VM (25.242-b01 mixed mode windows-amd64 compressed oops)
Heap:
 PSYoungGen      total 70144K, used 18941K [0x00000000e0000000, 0x00000000e5280000, 0x0000000100000000)
  eden space 59904K, 18% used [0x00000000e0000000,0x00000000e0acfa38,0x00000000e3a80000)
  from space 10240K, 76% used [0x00000000e4880000,0x00000000e502fbb0,0x00000000e5280000)
  to   space 12288K, 0% used [0x00000000e3a80000,0x00000000e3a80000,0x00000000e4680000)
 ParOldGen       total 50688K, used 12204K [0x00000000a0000000, 0x00000000a3180000, 0x00000000e0000000)
  object space 50688K, 24% used [0x00000000a0000000,0x00000000a0beb1b8,0x00000000a3180000)
 Metaspace       used 29281K, capacity 29968K, committed 30384K, reserved 1075200K
  class space    used 3932K, capacity 4159K, committed 4272K, reserved 1048576K
GC Heap History (10 events):
Event: 19.673 GC heap before
{Heap before GC invocations=3 (full 0):
 PSYoungGen      total 68608K, used 66594K [0x00000000e0000000, 0x00000000e4800000, 0x0000000100000000)
  eden space 63488K, 99% used [0x00000000e0000000,0x00000000e3df1280,0x00000000e3e00000)
  from space 5120K, 61% used [0x00000000e4300000,0x00000000e4617780,0x00000000e4800000)
  to   space 5120K, 0% used [0x00000000e3e00000,0x00000000e3e00000,0x00000000e4300000)
 ParOldGen       total 84992K, used 16K [0x00000000a0000000, 0x00000000a5300000, 0x00000000e0000000)
  object space 84992K, 0% used [0x00000000a0000000,0x00000000a0004000,0x00000000a5300000)
 Metaspace       used 14179K, capacity 14594K, committed 14976K, reserved 1062912K
  class space    used 1936K, capacity 2089K, committed 2176K, reserved 1048576K
Event: 19.683 GC heap after
Heap after GC invocations=3 (full 0):
 PSYoungGen      total 68608K, used 5119K [0x00000000e0000000, 0x00000000e4800000, 0x0000000100000000)
  eden space 63488K, 0% used [0x00000000e0000000,0x00000000e0000000,0x00000000e3e00000)
  from space 5120K, 99% used [0x00000000e3e00000,0x00000000e42ffc30,0x00000000e4300000)
  to   space 5120K, 0% used [0x00000000e4300000,0x00000000e4300000,0x00000000e4800000)
 ParOldGen       total 84992K, used 4020K [0x00000000a0000000, 0x00000000a5300000, 0x00000000e0000000)
  object space 84992K, 4% used [0x00000000a0000000,0x00000000a03ed330,0x00000000a5300000)
 Metaspace       used 14179K, capacity 14594K, committed 14976K, reserved 1062912K
  class space    used 1936K, capacity 2089K, committed 2176K, reserved 1048576K
}
Event: 24.830 GC heap before
{Heap before GC invocations=4 (full 0):
 PSYoungGen      total 68608K, used 68607K [0x00000000e0000000, 0x00000000e4800000, 0x0000000100000000)
  eden space 63488K, 100% used [0x00000000e0000000,0x00000000e3e00000,0x00000000e3e00000)
  from space 5120K, 99% used [0x00000000e3e00000,0x00000000e42ffc30,0x00000000e4300000)
  to   space 5120K, 0% used [0x00000000e4300000,0x00000000e4300000,0x00000000e4800000)
 ParOldGen       total 84992K, used 4020K [0x00000000a0000000, 0x00000000a5300000, 0x00000000e0000000)
  object space 84992K, 4% used [0x00000000a0000000,0x00000000a03ed330,0x00000000a5300000)
 Metaspace       used 19864K, capacity 20462K, committed 20736K, reserved 1067008K
  class space    used 2779K, capacity 2969K, committed 3072K, reserved 1048576K
Event: 24.840 GC heap after
Heap after GC invocations=4 (full 0):
 PSYoungGen      total 68608K, used 5104K [0x00000000e0000000, 0x00000000e4800000, 0x0000000100000000)
  eden space 63488K, 0% used [0x00000000e0000000,0x00000000e0000000,0x00000000e3e00000)
  from space 5120K, 99% used [0x00000000e4300000,0x00000000e47fc040,0x00000000e4800000)
  to   space 5120K, 0% used [0x00000000e3e00000,0x00000000e3e00000,0x00000000e4300000)
 ParOldGen       total 84992K, used 10316K [0x00000000a0000000, 0x00000000a5300000, 0x00000000e0000000)
  object space 84992K, 12% used [0x00000000a0000000,0x00000000a0a13200,0x00000000a5300000)
 Metaspace       used 19864K, capacity 20462K, committed 20736K, reserved 1067008K
  class space    used 2779K, capacity 2969K, committed 3072K, reserved 1048576K
}
Event: 26.499 GC heap before
{Heap before GC invocations=5 (full 0):
 PSYoungGen      total 68608K, used 18098K [0x00000000e0000000, 0x00000000e4800000, 0x0000000100000000)
  eden space 63488K, 20% used [0x00000000e0000000,0x00000000e0cb0858,0x00000000e3e00000)
  from space 5120K, 99% used [0x00000000e4300000,0x00000000e47fc040,0x00000000e4800000)
  to   space 5120K, 0% used [0x00000000e3e00000,0x00000000e3e00000,0x00000000e4300000)
 ParOldGen       total 84992K, used 10316K [0x00000000a0000000, 0x00000000a5300000, 0x00000000e0000000)
  object space 84992K, 12% used [0x00000000a0000000,0x00000000a0a13200,0x00000000a5300000)
 Metaspace       used 20614K, capacity 21224K, committed 21296K, reserved 1067008K
  class space    used 2887K, capacity 3084K, committed 3120K, reserved 1048576K
Event: 26.509 GC heap after
Heap after GC invocations=5 (full 0):
 PSYoungGen      total 66560K, used 5092K [0x00000000e0000000, 0x00000000e5500000, 0x0000000100000000)
  eden space 61440K, 0% used [0x00000000e0000000,0x00000000e0000000,0x00000000e3c00000)
  from space 5120K, 99% used [0x00000000e3e00000,0x00000000e42f9050,0x00000000e4300000)
  to   space 12800K, 0% used [0x00000000e4880000,0x00000000e4880000,0x00000000e5500000)
 ParOldGen       total 84992K, used 11552K [0x00000000a0000000, 0x00000000a5300000, 0x00000000e0000000)
  object space 84992K, 13% used [0x00000000a0000000,0x00000000a0b48300,0x00000000a5300000)
 Metaspace       used 20614K, capacity 21224K, committed 21296K, reserved 1067008K
  class space    used 2887K, capacity 3084K, committed 3120K, reserved 1048576K
}
Event: 26.509 GC heap before
{Heap before GC invocations=6 (full 1):
 PSYoungGen      total 66560K, used 5092K [0x00000000e0000000, 0x00000000e5500000, 0x0000000100000000)
  eden space 61440K, 0% used [0x00000000e0000000,0x00000000e0000000,0x00000000e3c00000)
  from space 5120K, 99% used [0x00000000e3e00000,0x00000000e42f9050,0x00000000e4300000)
  to   space 12800K, 0% used [0x00000000e4880000,0x00000000e4880000,0x00000000e5500000)
 ParOldGen       total 84992K, used 11552K [0x00000000a0000000, 0x00000000a5300000, 0x00000000e0000000)
  object space 84992K, 13% used [0x00000000a0000000,0x00000000a0b48300,0x00000000a5300000)
 Metaspace       used 20614K, capacity 21224K, committed 21296K, reserved 1067008K
  class space    used 2887K, capacity 3084K, committed 3120K, reserved 1048576K
Event: 26.581 GC heap after
Heap after GC invocations=6 (full 1):
 PSYoungGen      total 66560K, used 0K [0x00000000e0000000, 0x00000000e5500000, 0x0000000100000000)
  eden space 61440K, 0% used [0x00000000e0000000,0x00000000e0000000,0x00000000e3c00000)
  from space 5120K, 0% used [0x00000000e3e00000,0x00000000e3e00000,0x00000000e4300000)
  to   space 12800K, 0% used [0x00000000e4880000,0x00000000e4880000,0x00000000e5500000)
 ParOldGen       total 50688K, used 12196K [0x00000000a0000000, 0x00000000a3180000, 0x00000000e0000000)
  object space 50688K, 24% used [0x00000000a0000000,0x00000000a0be91b8,0x00000000a3180000)
 Metaspace       used 20614K, capacity 21224K, committed 21296K, reserved 1067008K
  class space    used 2887K, capacity 3084K, committed 3120K, reserved 1048576K
}
Event: 31.369 GC heap before
{Heap before GC invocations=7 (full 1):
 PSYoungGen      total 66560K, used 61440K [0x00000000e0000000, 0x00000000e5500000, 0x0000000100000000)
  eden space 61440K, 100% used [0x00000000e0000000,0x00000000e3c00000,0x00000000e3c00000)
  from space 5120K, 0% used [0x00000000e3e00000,0x00000000e3e00000,0x00000000e4300000)
  to   space 12800K, 0% used [0x00000000e4880000,0x00000000e4880000,0x00000000e5500000)
 ParOldGen       total 50688K, used 12196K [0x00000000a0000000, 0x00000000a3180000, 0x00000000e0000000)
  object space 50688K, 24% used [0x00000000a0000000,0x00000000a0be91b8,0x00000000a3180000)
 Metaspace       used 28189K, capacity 28912K, committed 29232K, reserved 1075200K
  class space    used 3896K, capacity 4127K, committed 4144K, reserved 1048576K
Event: 31.385 GC heap after
Heap after GC invocations=7 (full 1):
 PSYoungGen      total 70144K, used 7870K [0x00000000e0000000, 0x00000000e5280000, 0x0000000100000000)
  eden space 59904K, 0% used [0x00000000e0000000,0x00000000e0000000,0x00000000e3a80000)
  from space 10240K, 76% used [0x00000000e4880000,0x00000000e502fbb0,0x00000000e5280000)
  to   space 12288K, 0% used [0x00000000e3a80000,0x00000000e3a80000,0x00000000e4680000)
 ParOldGen       total 50688K, used 12204K [0x00000000a0000000, 0x00000000a3180000, 0x00000000e0000000)
  object space 50688K, 24% used [0x00000000a0000000,0x00000000a0beb1b8,0x00000000a3180000)
 Metaspace       used 28189K, capacity 28912K, committed 29232K, reserved 1075200K
  class space    used 3896K, capacity 4127K, committed 4144K, reserved 1048576K
}

