# JRE version: OpenJDK Runtime Environment (8.0_242-b01) (build 1.8.0_242-release-1644-b01)
# Java VM: OpenJDK 64-Bit Server VM (25.242-b01 mixed mode windows-amd64 compressed oops)
Heap:
 PSYoungGen      total 184320K, used 123554K [0x00000000e0000000, 0x00000000f0700000, 0x0000000100000000)
  eden space 107008K, 92% used [0x00000000e0000000,0x00000000e60614c0,0x00000000e6880000)
  from space 77312K, 32% used [0x00000000e6880000,0x00000000e80c75d0,0x00000000eb400000)
  to   space 73728K, 0% used [0x00000000ebf00000,0x00000000ebf00000,0x00000000f0700000)
 ParOldGen       total 360960K, used 221166K [0x00000000a0000000, 0x00000000b6080000, 0x00000000e0000000)
  object space 360960K, 61% used [0x00000000a0000000,0x00000000ad7fb9c0,0x00000000b6080000)
 Metaspace       used 86195K, capacity 89636K, committed 89896K, reserved 1126400K
  class space    used 11251K, capacity 12002K, committed 12080K, reserved 1048576K
GC Heap History (10 events):
Event: 498.648 GC heap before
{Heap before GC invocations=42 (full 4):
 PSYoungGen      total 117248K, used 117216K [0x00000000e0000000, 0x00000000ec300000, 0x0000000100000000)
  eden space 79872K, 100% used [0x00000000e0000000,0x00000000e4e00000,0x00000000e4e00000)
  from space 37376K, 99% used [0x00000000e4e00000,0x00000000e7278010,0x00000000e7280000)
  to   space 54272K, 0% used [0x00000000e8e00000,0x00000000e8e00000,0x00000000ec300000)
 ParOldGen       total 243712K, used 148623K [0x00000000a0000000, 0x00000000aee00000, 0x00000000e0000000)
  object space 243712K, 60% used [0x00000000a0000000,0x00000000a9123dc8,0x00000000aee00000)
 Metaspace       used 84429K, capacity 87838K, committed 88232K, reserved 1126400K
  class space    used 11138K, capacity 11873K, committed 11952K, reserved 1048576K
Event: 498.751 GC heap after
Heap after GC invocations=42 (full 4):
 PSYoungGen      total 145408K, used 23845K [0x00000000e0000000, 0x00000000ec080000, 0x0000000100000000)
  eden space 93696K, 0% used [0x00000000e0000000,0x00000000e0000000,0x00000000e5b80000)
  from space 51712K, 46% used [0x00000000e8e00000,0x00000000ea549548,0x00000000ec080000)
  to   space 51712K, 0% used [0x00000000e5b80000,0x00000000e5b80000,0x00000000e8e00000)
 ParOldGen       total 243712K, used 184200K [0x00000000a0000000, 0x00000000aee00000, 0x00000000e0000000)
  object space 243712K, 75% used [0x00000000a0000000,0x00000000ab3e23b0,0x00000000aee00000)
 Metaspace       used 84429K, capacity 87838K, committed 88232K, reserved 1126400K
  class space    used 11138K, capacity 11873K, committed 11952K, reserved 1048576K
}
Event: 499.814 GC heap before
{Heap before GC invocations=43 (full 4):
 PSYoungGen      total 145408K, used 117541K [0x00000000e0000000, 0x00000000ec080000, 0x0000000100000000)
  eden space 93696K, 100% used [0x00000000e0000000,0x00000000e5b80000,0x00000000e5b80000)
  from space 51712K, 46% used [0x00000000e8e00000,0x00000000ea549548,0x00000000ec080000)
  to   space 51712K, 0% used [0x00000000e5b80000,0x00000000e5b80000,0x00000000e8e00000)
 ParOldGen       total 243712K, used 184200K [0x00000000a0000000, 0x00000000aee00000, 0x00000000e0000000)
  object space 243712K, 75% used [0x00000000a0000000,0x00000000ab3e23b0,0x00000000aee00000)
 Metaspace       used 84459K, capacity 87902K, committed 88232K, reserved 1126400K
  class space    used 11138K, capacity 11873K, committed 11952K, reserved 1048576K
Event: 499.927 GC heap after
Heap after GC invocations=43 (full 4):
 PSYoungGen      total 145408K, used 51706K [0x00000000e0000000, 0x00000000ef880000, 0x0000000100000000)
  eden space 93696K, 0% used [0x00000000e0000000,0x00000000e0000000,0x00000000e5b80000)
  from space 51712K, 99% used [0x00000000e5b80000,0x00000000e8dfe8c8,0x00000000e8e00000)
  to   space 70144K, 0% used [0x00000000eb400000,0x00000000eb400000,0x00000000ef880000)
 ParOldGen       total 243712K, used 212685K [0x00000000a0000000, 0x00000000aee00000, 0x00000000e0000000)
  object space 243712K, 87% used [0x00000000a0000000,0x00000000acfb35d8,0x00000000aee00000)
 Metaspace       used 84459K, capacity 87902K, committed 88232K, reserved 1126400K
  class space    used 11138K, capacity 11873K, committed 11952K, reserved 1048576K
}
Event: 499.927 GC heap before
{Heap before GC invocations=44 (full 5):
 PSYoungGen      total 145408K, used 51706K [0x00000000e0000000, 0x00000000ef880000, 0x0000000100000000)
  eden space 93696K, 0% used [0x00000000e0000000,0x00000000e0000000,0x00000000e5b80000)
  from space 51712K, 99% used [0x00000000e5b80000,0x00000000e8dfe8c8,0x00000000e8e00000)
  to   space 70144K, 0% used [0x00000000eb400000,0x00000000eb400000,0x00000000ef880000)
 ParOldGen       total 243712K, used 212685K [0x00000000a0000000, 0x00000000aee00000, 0x00000000e0000000)
  object space 243712K, 87% used [0x00000000a0000000,0x00000000acfb35d8,0x00000000aee00000)
 Metaspace       used 84459K, capacity 87902K, committed 88232K, reserved 1126400K
  class space    used 11138K, capacity 11873K, committed 11952K, reserved 1048576K
Event: 501.360 GC heap after
Heap after GC invocations=44 (full 5):
 PSYoungGen      total 145408K, used 0K [0x00000000e0000000, 0x00000000ef880000, 0x0000000100000000)
  eden space 93696K, 0% used [0x00000000e0000000,0x00000000e0000000,0x00000000e5b80000)
  from space 51712K, 0% used [0x00000000e5b80000,0x00000000e5b80000,0x00000000e8e00000)
  to   space 70144K, 0% used [0x00000000eb400000,0x00000000eb400000,0x00000000ef880000)
 ParOldGen       total 360960K, used 201138K [0x00000000a0000000, 0x00000000b6080000, 0x00000000e0000000)
  object space 360960K, 55% used [0x00000000a0000000,0x00000000ac46cb60,0x00000000b6080000)
 Metaspace       used 84459K, capacity 87902K, committed 88232K, reserved 1126400K
  class space    used 11138K, capacity 11873K, committed 11952K, reserved 1048576K
}
Event: 502.617 GC heap before
{Heap before GC invocations=45 (full 5):
 PSYoungGen      total 145408K, used 93696K [0x00000000e0000000, 0x00000000ef880000, 0x0000000100000000)
  eden space 93696K, 100% used [0x00000000e0000000,0x00000000e5b80000,0x00000000e5b80000)
  from space 51712K, 0% used [0x00000000e5b80000,0x00000000e5b80000,0x00000000e8e00000)
  to   space 70144K, 0% used [0x00000000eb400000,0x00000000eb400000,0x00000000ef880000)
 ParOldGen       total 360960K, used 201138K [0x00000000a0000000, 0x00000000b6080000, 0x00000000e0000000)
  object space 360960K, 55% used [0x00000000a0000000,0x00000000ac46cb60,0x00000000b6080000)
 Metaspace       used 84481K, capacity 87902K, committed 88232K, reserved 1126400K
  class space    used 11138K, capacity 11873K, committed 11952K, reserved 1048576K
Event: 502.791 GC heap after
Heap after GC invocations=45 (full 5):
 PSYoungGen      total 177152K, used 58197K [0x00000000e0000000, 0x00000000f0200000, 0x0000000100000000)
  eden space 107008K, 0% used [0x00000000e0000000,0x00000000e0000000,0x00000000e6880000)
  from space 70144K, 82% used [0x00000000eb400000,0x00000000eecd5790,0x00000000ef880000)
  to   space 77312K, 0% used [0x00000000e6880000,0x00000000e6880000,0x00000000eb400000)
 ParOldGen       total 360960K, used 201138K [0x00000000a0000000, 0x00000000b6080000, 0x00000000e0000000)
  object space 360960K, 55% used [0x00000000a0000000,0x00000000ac46cb60,0x00000000b6080000)
 Metaspace       used 84481K, capacity 87902K, committed 88232K, reserved 1126400K
  class space    used 11138K, capacity 11873K, committed 11952K, reserved 1048576K
}
Event: 507.615 GC heap before
{Heap before GC invocations=46 (full 5):
 PSYoungGen      total 177152K, used 165205K [0x00000000e0000000, 0x00000000f0200000, 0x0000000100000000)
  eden space 107008K, 100% used [0x00000000e0000000,0x00000000e6880000,0x00000000e6880000)
  from space 70144K, 82% used [0x00000000eb400000,0x00000000eecd5790,0x00000000ef880000)
  to   space 77312K, 0% used [0x00000000e6880000,0x00000000e6880000,0x00000000eb400000)
 ParOldGen       total 360960K, used 201138K [0x00000000a0000000, 0x00000000b6080000, 0x00000000e0000000)
  object space 360960K, 55% used [0x00000000a0000000,0x00000000ac46cb60,0x00000000b6080000)
 Metaspace       used 85732K, capacity 89156K, committed 89384K, reserved 1126400K
  class space    used 11246K, capacity 11970K, committed 12080K, reserved 1048576K
Event: 507.679 GC heap after
Heap after GC invocations=46 (full 5):
 PSYoungGen      total 184320K, used 24861K [0x00000000e0000000, 0x00000000f0700000, 0x0000000100000000)
  eden space 107008K, 0% used [0x00000000e0000000,0x00000000e0000000,0x00000000e6880000)
  from space 77312K, 32% used [0x00000000e6880000,0x00000000e80c75d0,0x00000000eb400000)
  to   space 73728K, 0% used [0x00000000ebf00000,0x00000000ebf00000,0x00000000f0700000)
 ParOldGen       total 360960K, used 221166K [0x00000000a0000000, 0x00000000b6080000, 0x00000000e0000000)
  object space 360960K, 61% used [0x00000000a0000000,0x00000000ad7fb9c0,0x00000000b6080000)
 Metaspace       used 85732K, capacity 89156K, committed 89384K, reserved 1126400K
  class space    used 11246K, capacity 11970K, committed 12080K, reserved 1048576K
}

